[0.043s] Invoking command in '/home/user/ros2_ws/src/build/robot_patrol': CMAKE_PREFIX_PATH=${CMAKE_PREFIX_PATH}:/home/simulations/ros2_sims_ws/install/rclrs_tests:/home/simulations/ros2_sims_ws/install/examples_rclrs_minimal_client_service:/home/simulations/ros2_sims_ws/install/sensor_msgs_py:/home/simulations/ros2_sims_ws/install/examples_rclrs_minimal_pub_sub:/home/simulations/ros2_sims_ws/install/examples_rclrs_message_demo:/home/simulations/ros2_sims_ws/install/rclrs:/home/simulations/ros2_sims_ws/install/rosidl_runtime_rs:/opt/ros/humble _=/usr/bin/env /usr/bin/cmake /home/user/ros2_ws/src/citylab_project/citylab_project/robot_patrol -DCMAKE_INSTALL_PREFIX=/home/user/ros2_ws/src/install/robot_patrol
[0.142s] -- The C compiler identification is GNU 11.3.0
[0.220s] -- The CXX compiler identification is GNU 11.3.0
[0.227s] -- Detecting C compiler ABI info
[0.334s] -- Detecting C compiler ABI info - done
[0.347s] -- Check for working C compiler: /usr/bin/cc - skipped
[0.348s] -- Detecting C compile features
[0.349s] -- Detecting C compile features - done
[0.354s] -- Detecting CXX compiler ABI info
[0.478s] -- Detecting CXX compiler ABI info - done
[0.486s] -- Check for working CXX compiler: /usr/bin/c++ - skipped
[0.486s] -- Detecting CXX compile features
[0.486s] -- Detecting CXX compile features - done
[0.497s] -- Found ament_cmake: 1.3.4 (/opt/ros/humble/share/ament_cmake/cmake)
[0.795s] -- Found Python3: /usr/bin/python3.10 (found version "3.10.6") found components: Interpreter 
[1.047s] -- Found rclcpp: 16.0.4 (/opt/ros/humble/share/rclcpp/cmake)
[1.182s] -- Found rosidl_generator_c: 3.1.4 (/opt/ros/humble/share/rosidl_generator_c/cmake)
[1.208s] -- Found rosidl_adapter: 3.1.4 (/opt/ros/humble/share/rosidl_adapter/cmake)
[1.229s] -- Found rosidl_generator_cpp: 3.1.4 (/opt/ros/humble/share/rosidl_generator_cpp/cmake)
[1.269s] -- Using all available rosidl_typesupport_c: rosidl_typesupport_fastrtps_c;rosidl_typesupport_introspection_c
[1.323s] -- Using all available rosidl_typesupport_cpp: rosidl_typesupport_fastrtps_cpp;rosidl_typesupport_introspection_cpp
[1.517s] -- Found rmw_implementation_cmake: 6.1.1 (/opt/ros/humble/share/rmw_implementation_cmake/cmake)
[1.533s] -- Found rmw_fastrtps_cpp: 6.2.2 (/opt/ros/humble/share/rmw_fastrtps_cpp/cmake)
[1.766s] -- Found OpenSSL: /usr/lib/x86_64-linux-gnu/libcrypto.so (found version "3.0.2")  
[1.819s] -- Found FastRTPS: /opt/ros/humble/include  
[1.917s] -- Using RMW implementation 'rmw_fastrtps_cpp' as default
[1.957s] -- Looking for pthread.h
[2.089s] -- Looking for pthread.h - found
[2.090s] -- Performing Test CMAKE_HAVE_LIBC_PTHREAD
[2.202s] -- Performing Test CMAKE_HAVE_LIBC_PTHREAD - Success
[2.204s] -- Found Threads: TRUE  
[2.465s] -- Found sensor_msgs: 4.2.3 (/home/simulations/ros2_sims_ws/install/sensor_msgs/share/sensor_msgs/cmake)
[2.658s] -- Found nav_msgs: 4.2.3 (/home/simulations/ros2_sims_ws/install/nav_msgs/share/nav_msgs/cmake)
[2.790s] -- Found ament_lint_auto: 0.12.6 (/opt/ros/humble/share/ament_lint_auto/cmake)
[2.977s] -- Added test 'cppcheck' to perform static code analysis on C / C++ code
[2.977s] -- Configured cppcheck include dirs: 
[2.977s] -- Configured cppcheck exclude dirs and/or files: 
[2.978s] -- Added test 'flake8' to check Python code syntax and style conventions
[2.980s] -- Added test 'lint_cmake' to check CMake code style
[2.981s] -- Added test 'pep257' to check Python code against some of the docstring style conventions in PEP 257
[2.983s] -- Added test 'uncrustify' to check C / C++ code style
[2.983s] -- Configured uncrustify additional arguments: 
[2.984s] -- Added test 'xmllint' to check XML markup files
[3.001s] -- Configuring done
[3.010s] [31mCMake Error at CMakeLists.txt:38 (add_executable):
[3.010s]   Cannot find source file:
[3.010s] 
[3.010s]     src/scan_size.cpp
[3.010s] 
[3.010s]   Tried extensions .c .C .c++ .cc .cpp .cxx .cu .mpp .m .M .mm .ixx .cppm .h
[3.010s]   .hh .h++ .hm .hpp .hxx .in .txx .f .F .for .f77 .f90 .f95 .f03 .hip .ispc
[3.010s] 
[3.010s] [0m
[3.010s] [31mCMake Error at CMakeLists.txt:38 (add_executable):
[3.011s]   No SOURCES given to target: scan_size_exe
[3.011s] 
[3.011s] [0m
[3.011s] [0mCMake Generate step failed.  Build files cannot be regenerated correctly.[0m
[3.023s] Invoked command in '/home/user/ros2_ws/src/build/robot_patrol' returned '1': CMAKE_PREFIX_PATH=${CMAKE_PREFIX_PATH}:/home/simulations/ros2_sims_ws/install/rclrs_tests:/home/simulations/ros2_sims_ws/install/examples_rclrs_minimal_client_service:/home/simulations/ros2_sims_ws/install/sensor_msgs_py:/home/simulations/ros2_sims_ws/install/examples_rclrs_minimal_pub_sub:/home/simulations/ros2_sims_ws/install/examples_rclrs_message_demo:/home/simulations/ros2_sims_ws/install/rclrs:/home/simulations/ros2_sims_ws/install/rosidl_runtime_rs:/opt/ros/humble _=/usr/bin/env /usr/bin/cmake /home/user/ros2_ws/src/citylab_project/citylab_project/robot_patrol -DCMAKE_INSTALL_PREFIX=/home/user/ros2_ws/src/install/robot_patrol
