[0.020s] Invoking command in '/home/user/ros2_ws/src/build/robot_patrol': CMAKE_PREFIX_PATH=${CMAKE_PREFIX_PATH}:/home/simulations/ros2_sims_ws/install/rclrs_tests:/home/simulations/ros2_sims_ws/install/examples_rclrs_minimal_client_service:/home/simulations/ros2_sims_ws/install/sensor_msgs_py:/home/simulations/ros2_sims_ws/install/examples_rclrs_minimal_pub_sub:/home/simulations/ros2_sims_ws/install/examples_rclrs_message_demo:/home/simulations/ros2_sims_ws/install/rclrs:/home/simulations/ros2_sims_ws/install/rosidl_runtime_rs:/opt/ros/humble _=/usr/bin/env /usr/bin/cmake /home/user/ros2_ws/src/citylab_project/citylab_project/robot_patrol -DCMAKE_INSTALL_PREFIX=/home/user/ros2_ws/src/install/robot_patrol
[0.046s] -- Found ament_cmake: 1.3.4 (/opt/ros/humble/share/ament_cmake/cmake)
[0.297s] -- Found rclcpp: 16.0.4 (/opt/ros/humble/share/rclcpp/cmake)
[0.340s] -- Found rosidl_generator_c: 3.1.4 (/opt/ros/humble/share/rosidl_generator_c/cmake)
[0.343s] -- Found rosidl_adapter: 3.1.4 (/opt/ros/humble/share/rosidl_adapter/cmake)
[0.349s] -- Found rosidl_generator_cpp: 3.1.4 (/opt/ros/humble/share/rosidl_generator_cpp/cmake)
[0.367s] -- Using all available rosidl_typesupport_c: rosidl_typesupport_fastrtps_c;rosidl_typesupport_introspection_c
[0.389s] -- Using all available rosidl_typesupport_cpp: rosidl_typesupport_fastrtps_cpp;rosidl_typesupport_introspection_cpp
[0.479s] -- Found rmw_implementation_cmake: 6.1.1 (/opt/ros/humble/share/rmw_implementation_cmake/cmake)
[0.483s] -- Found rmw_fastrtps_cpp: 6.2.2 (/opt/ros/humble/share/rmw_fastrtps_cpp/cmake)
[0.704s] -- Using RMW implementation 'rmw_fastrtps_cpp' as default
[0.940s] -- Found sensor_msgs: 4.2.3 (/home/simulations/ros2_sims_ws/install/sensor_msgs/share/sensor_msgs/cmake)
[1.122s] -- Found nav_msgs: 4.2.3 (/home/simulations/ros2_sims_ws/install/nav_msgs/share/nav_msgs/cmake)
[1.259s] -- Found ament_lint_auto: 0.12.6 (/opt/ros/humble/share/ament_lint_auto/cmake)
[1.366s] -- Added test 'cppcheck' to perform static code analysis on C / C++ code
[1.367s] -- Configured cppcheck include dirs: 
[1.367s] -- Configured cppcheck exclude dirs and/or files: 
[1.367s] -- Added test 'flake8' to check Python code syntax and style conventions
[1.368s] -- Added test 'lint_cmake' to check CMake code style
[1.369s] -- Added test 'pep257' to check Python code against some of the docstring style conventions in PEP 257
[1.370s] -- Added test 'uncrustify' to check C / C++ code style
[1.370s] -- Configured uncrustify additional arguments: 
[1.370s] -- Added test 'xmllint' to check XML markup files
[1.374s] -- Configuring done
[1.390s] -- Generating done
[1.393s] -- Build files have been written to: /home/user/ros2_ws/src/build/robot_patrol
[1.404s] Invoked command in '/home/user/ros2_ws/src/build/robot_patrol' returned '0': CMAKE_PREFIX_PATH=${CMAKE_PREFIX_PATH}:/home/simulations/ros2_sims_ws/install/rclrs_tests:/home/simulations/ros2_sims_ws/install/examples_rclrs_minimal_client_service:/home/simulations/ros2_sims_ws/install/sensor_msgs_py:/home/simulations/ros2_sims_ws/install/examples_rclrs_minimal_pub_sub:/home/simulations/ros2_sims_ws/install/examples_rclrs_message_demo:/home/simulations/ros2_sims_ws/install/rclrs:/home/simulations/ros2_sims_ws/install/rosidl_runtime_rs:/opt/ros/humble _=/usr/bin/env /usr/bin/cmake /home/user/ros2_ws/src/citylab_project/citylab_project/robot_patrol -DCMAKE_INSTALL_PREFIX=/home/user/ros2_ws/src/install/robot_patrol
[1.419s] Invoking command in '/home/user/ros2_ws/src/build/robot_patrol': CMAKE_PREFIX_PATH=${CMAKE_PREFIX_PATH}:/home/simulations/ros2_sims_ws/install/rclrs_tests:/home/simulations/ros2_sims_ws/install/examples_rclrs_minimal_client_service:/home/simulations/ros2_sims_ws/install/sensor_msgs_py:/home/simulations/ros2_sims_ws/install/examples_rclrs_minimal_pub_sub:/home/simulations/ros2_sims_ws/install/examples_rclrs_message_demo:/home/simulations/ros2_sims_ws/install/rclrs:/home/simulations/ros2_sims_ws/install/rosidl_runtime_rs:/opt/ros/humble _=/usr/bin/env /usr/bin/cmake --build /home/user/ros2_ws/src/build/robot_patrol -- -j8 -l8
[1.542s] [ 50%] [32mBuilding CXX object CMakeFiles/patrol_exe.dir/src/patrol.cpp.o[0m
[20.678s] [100%] [32m[1mLinking CXX executable patrol_exe[0m
[21.401s] [100%] Built target patrol_exe
[21.433s] Invoked command in '/home/user/ros2_ws/src/build/robot_patrol' returned '0': CMAKE_PREFIX_PATH=${CMAKE_PREFIX_PATH}:/home/simulations/ros2_sims_ws/install/rclrs_tests:/home/simulations/ros2_sims_ws/install/examples_rclrs_minimal_client_service:/home/simulations/ros2_sims_ws/install/sensor_msgs_py:/home/simulations/ros2_sims_ws/install/examples_rclrs_minimal_pub_sub:/home/simulations/ros2_sims_ws/install/examples_rclrs_message_demo:/home/simulations/ros2_sims_ws/install/rclrs:/home/simulations/ros2_sims_ws/install/rosidl_runtime_rs:/opt/ros/humble _=/usr/bin/env /usr/bin/cmake --build /home/user/ros2_ws/src/build/robot_patrol -- -j8 -l8
[21.524s] Invoking command in '/home/user/ros2_ws/src/build/robot_patrol': CMAKE_PREFIX_PATH=${CMAKE_PREFIX_PATH}:/home/simulations/ros2_sims_ws/install/rclrs_tests:/home/simulations/ros2_sims_ws/install/examples_rclrs_minimal_client_service:/home/simulations/ros2_sims_ws/install/sensor_msgs_py:/home/simulations/ros2_sims_ws/install/examples_rclrs_minimal_pub_sub:/home/simulations/ros2_sims_ws/install/examples_rclrs_message_demo:/home/simulations/ros2_sims_ws/install/rclrs:/home/simulations/ros2_sims_ws/install/rosidl_runtime_rs:/opt/ros/humble _=/usr/bin/env /usr/bin/cmake --install /home/user/ros2_ws/src/build/robot_patrol
[21.539s] -- Install configuration: ""
[21.539s] -- Installing: /home/user/ros2_ws/src/install/robot_patrol/share/ament_index/resource_index/package_run_dependencies/robot_patrol
[21.540s] -- Installing: /home/user/ros2_ws/src/install/robot_patrol/share/ament_index/resource_index/parent_prefix_path/robot_patrol
[21.540s] -- Installing: /home/user/ros2_ws/src/install/robot_patrol/share/robot_patrol/environment/ament_prefix_path.sh
[21.540s] -- Installing: /home/user/ros2_ws/src/install/robot_patrol/share/robot_patrol/environment/ament_prefix_path.dsv
[21.541s] -- Installing: /home/user/ros2_ws/src/install/robot_patrol/share/robot_patrol/environment/path.sh
[21.541s] -- Installing: /home/user/ros2_ws/src/install/robot_patrol/share/robot_patrol/environment/path.dsv
[21.541s] -- Installing: /home/user/ros2_ws/src/install/robot_patrol/share/robot_patrol/local_setup.bash
[21.541s] -- Installing: /home/user/ros2_ws/src/install/robot_patrol/share/robot_patrol/local_setup.sh
[21.541s] -- Installing: /home/user/ros2_ws/src/install/robot_patrol/share/robot_patrol/local_setup.zsh
[21.541s] -- Installing: /home/user/ros2_ws/src/install/robot_patrol/share/robot_patrol/local_setup.dsv
[21.542s] -- Installing: /home/user/ros2_ws/src/install/robot_patrol/share/robot_patrol/package.dsv
[21.542s] -- Installing: /home/user/ros2_ws/src/install/robot_patrol/share/ament_index/resource_index/packages/robot_patrol
[21.543s] -- Installing: /home/user/ros2_ws/src/install/robot_patrol/share/robot_patrol/cmake/robot_patrolConfig.cmake
[21.543s] -- Installing: /home/user/ros2_ws/src/install/robot_patrol/share/robot_patrol/cmake/robot_patrolConfig-version.cmake
[21.544s] -- Installing: /home/user/ros2_ws/src/install/robot_patrol/share/robot_patrol/package.xml
[21.544s] -- Installing: /home/user/ros2_ws/src/install/robot_patrol/lib/robot_patrol/patrol_exe
[21.555s] -- Set runtime path of "/home/user/ros2_ws/src/install/robot_patrol/lib/robot_patrol/patrol_exe" to ""
[21.555s] -- Installing: /home/user/ros2_ws/src/install/robot_patrol/share/robot_patrol/launch
[21.555s] -- Installing: /home/user/ros2_ws/src/install/robot_patrol/share/robot_patrol/launch/start_patrolling_real_robot.launch.py
[21.555s] -- Installing: /home/user/ros2_ws/src/install/robot_patrol/share/robot_patrol/launch/start_patrolling.launch.py
[21.558s] Invoked command in '/home/user/ros2_ws/src/build/robot_patrol' returned '0': CMAKE_PREFIX_PATH=${CMAKE_PREFIX_PATH}:/home/simulations/ros2_sims_ws/install/rclrs_tests:/home/simulations/ros2_sims_ws/install/examples_rclrs_minimal_client_service:/home/simulations/ros2_sims_ws/install/sensor_msgs_py:/home/simulations/ros2_sims_ws/install/examples_rclrs_minimal_pub_sub:/home/simulations/ros2_sims_ws/install/examples_rclrs_message_demo:/home/simulations/ros2_sims_ws/install/rclrs:/home/simulations/ros2_sims_ws/install/rosidl_runtime_rs:/opt/ros/humble _=/usr/bin/env /usr/bin/cmake --install /home/user/ros2_ws/src/build/robot_patrol
